
  VITE v4.5.14  ready in 407 ms

  ➜  Local:   http://localhost:3002/
6:42:22 PM [vite] warning: Duplicate member "getTransactionsByDateRange" in class body
1644|       * @returns {Array} Filtered transactions
1645|       */
1646|    getTransactionsByDateRange(startDate, endDate) {
   |    ^
1647|      console.log('getTransactionsByDateRange - Input dates:', { startDate, endDate });
1648|          

  Plugin: vite:esbuild
  File: /Users/adept/Documents/_My_Projects/redo_my_budget_pro/src/app.jsx
6:42:22 PM [vite] warning: Duplicate member "getTransactionsByDate" in class body
1672|       * @returns {Array} Filtered transactions
1673|       */
1674|    getTransactionsByDate(date) {
   |    ^
1675|      const startOfDay = new Date(date);
1676|      startOfDay.setHours(0, 0, 0, 0);

  Plugin: vite:esbuild
  File: /Users/adept/Documents/_My_Projects/redo_my_budget_pro/src/app.jsx
6:42:22 PM [vite] warning: Duplicate member "setupCalendarEventListeners" in class body
1857|       * Set up event listeners for the calendar
1858|       */
1859|    setupCalendarEventListeners() {
   |    ^
1860|      const calendarEl = document.getElementById('calendar');
1861|      if (!calendarEl) return;

  Plugin: vite:esbuild
  File: /Users/adept/Documents/_My_Projects/redo_my_budget_pro/src/app.jsx
7:04:48 PM [vite] page reload src/app.jsx
7:07:47 PM [vite] warning: Duplicate member "getTransactionsByDateRange" in class body
1644|       * @returns {Array} Filtered transactions
1645|       */
1646|    getTransactionsByDateRange(startDate, endDate) {
   |    ^
1647|      console.log('getTransactionsByDateRange - Input dates:', { startDate, endDate });
1648|          

  Plugin: vite:esbuild
  File: /Users/adept/Documents/_My_Projects/redo_my_budget_pro/src/app.jsx
7:07:47 PM [vite] warning: Duplicate member "getTransactionsByDate" in class body
1672|       * @returns {Array} Filtered transactions
1673|       */
1674|    getTransactionsByDate(date) {
   |    ^
1675|      const startOfDay = new Date(date);
1676|      startOfDay.setHours(0, 0, 0, 0);

  Plugin: vite:esbuild
  File: /Users/adept/Documents/_My_Projects/redo_my_budget_pro/src/app.jsx
7:07:47 PM [vite] warning: Duplicate member "setupCalendarEventListeners" in class body
1857|       * Set up event listeners for the calendar
1858|       */
1859|    setupCalendarEventListeners() {
   |    ^
1860|      const calendarEl = document.getElementById('calendar');
1861|      if (!calendarEl) return;

  Plugin: vite:esbuild
  File: /Users/adept/Documents/_My_Projects/redo_my_budget_pro/src/app.jsx
7:17:38 PM [vite] page reload src/app.jsx
7:17:39 PM [vite] warning: Duplicate member "getTransactionsByDateRange" in class body
1647|       * @returns {Array} Filtered transactions
1648|       */
1649|    getTransactionsByDateRange(startDate, endDate) {
   |    ^
1650|      console.log('getTransactionsByDateRange - Input dates:', { startDate, endDate });
1651|          

  Plugin: vite:esbuild
  File: /Users/adept/Documents/_My_Projects/redo_my_budget_pro/src/app.jsx
7:17:39 PM [vite] warning: Duplicate member "getTransactionsByDate" in class body
1675|       * @returns {Array} Filtered transactions
1676|       */
1677|    getTransactionsByDate(date) {
   |    ^
1678|      const startOfDay = new Date(date);
1679|      startOfDay.setHours(0, 0, 0, 0);

  Plugin: vite:esbuild
  File: /Users/adept/Documents/_My_Projects/redo_my_budget_pro/src/app.jsx
7:17:39 PM [vite] warning: Duplicate member "setupCalendarEventListeners" in class body
1860|       * Set up event listeners for the calendar
1861|       */
1862|    setupCalendarEventListeners() {
   |    ^
1863|      const calendarEl = document.getElementById('calendar');
1864|      if (!calendarEl) return;

  Plugin: vite:esbuild
  File: /Users/adept/Documents/_My_Projects/redo_my_budget_pro/src/app.jsx
7:21:35 PM [vite] page reload src/app.jsx
7:21:35 PM [vite] warning: Duplicate member "getTransactionsByDateRange" in class body
1647|       * @returns {Array} Filtered transactions
1648|       */
1649|    getTransactionsByDateRange(startDate, endDate) {
   |    ^
1650|      console.log('getTransactionsByDateRange - Input dates:', { startDate, endDate });
1651|          

  Plugin: vite:esbuild
  File: /Users/adept/Documents/_My_Projects/redo_my_budget_pro/src/app.jsx
7:21:35 PM [vite] warning: Duplicate member "getTransactionsByDate" in class body
1675|       * @returns {Array} Filtered transactions
1676|       */
1677|    getTransactionsByDate(date) {
   |    ^
1678|      const startOfDay = new Date(date);
1679|      startOfDay.setHours(0, 0, 0, 0);

  Plugin: vite:esbuild
  File: /Users/adept/Documents/_My_Projects/redo_my_budget_pro/src/app.jsx
7:21:35 PM [vite] warning: Duplicate member "setupCalendarEventListeners" in class body
1860|       * Set up event listeners for the calendar
1861|       */
1862|    setupCalendarEventListeners() {
   |    ^
1863|      const calendarEl = document.getElementById('calendar');
1864|      if (!calendarEl) return;

  Plugin: vite:esbuild
  File: /Users/adept/Documents/_My_Projects/redo_my_budget_pro/src/app.jsx
7:30:54 PM [vite] page reload index.html
7:33:37 PM [vite] page reload src/app.jsx
7:34:44 PM [vite] page reload src/app.jsx
7:35:08 PM [vite] page reload src/app.jsx
7:35:49 PM [vite] warning: Duplicate member "getTransactionsByDateRange" in class body
1648|       * @returns {Array} Filtered transactions
1649|       */
1650|    getTransactionsByDateRange(startDate, endDate) {
   |    ^
1651|      console.log('getTransactionsByDateRange - Input dates:', { startDate, endDate });
1652|          

  Plugin: vite:esbuild
  File: /Users/adept/Documents/_My_Projects/redo_my_budget_pro/src/app.jsx
7:35:49 PM [vite] warning: Duplicate member "getTransactionsByDate" in class body
1676|       * @returns {Array} Filtered transactions
1677|       */
1678|    getTransactionsByDate(date) {
   |    ^
1679|      const startOfDay = new Date(date);
1680|      startOfDay.setHours(0, 0, 0, 0);

  Plugin: vite:esbuild
  File: /Users/adept/Documents/_My_Projects/redo_my_budget_pro/src/app.jsx
7:35:49 PM [vite] warning: Duplicate member "setupCalendarEventListeners" in class body
1861|       * Set up event listeners for the calendar
1862|       */
1863|    setupCalendarEventListeners() {
   |    ^
1864|      const calendarEl = document.getElementById('calendar');
1865|      if (!calendarEl) return;

  Plugin: vite:esbuild
  File: /Users/adept/Documents/_My_Projects/redo_my_budget_pro/src/app.jsx
7:50:15 PM [vite] page reload src/app.jsx
7:50:15 PM [vite] warning: Duplicate member "getTransactionsByDateRange" in class body
1648|       * @returns {Array} Filtered transactions
1649|       */
1650|    getTransactionsByDateRange(startDate, endDate) {
   |    ^
1651|      console.log('getTransactionsByDateRange - Input dates:', { startDate, endDate });
1652|          

  Plugin: vite:esbuild
  File: /Users/adept/Documents/_My_Projects/redo_my_budget_pro/src/app.jsx
7:50:15 PM [vite] warning: Duplicate member "getTransactionsByDate" in class body
1676|       * @returns {Array} Filtered transactions
1677|       */
1678|    getTransactionsByDate(date) {
   |    ^
1679|      const startOfDay = new Date(date);
1680|      startOfDay.setHours(0, 0, 0, 0);

  Plugin: vite:esbuild
  File: /Users/adept/Documents/_My_Projects/redo_my_budget_pro/src/app.jsx
7:50:15 PM [vite] warning: Duplicate member "setupCalendarEventListeners" in class body
1861|       * Set up event listeners for the calendar
1862|       */
1863|    setupCalendarEventListeners() {
   |    ^
1864|      const calendarEl = document.getElementById('calendar');
1865|      if (!calendarEl) return;

  Plugin: vite:esbuild
  File: /Users/adept/Documents/_My_Projects/redo_my_budget_pro/src/app.jsx
7:50:23 PM [vite] page reload src/app.jsx
7:50:23 PM [vite] warning: Duplicate member "getTransactionsByDateRange" in class body
1648|       * @returns {Array} Filtered transactions
1649|       */
1650|    getTransactionsByDateRange(startDate, endDate) {
   |    ^
1651|      console.log('getTransactionsByDateRange - Input dates:', { startDate, endDate });
1652|          

  Plugin: vite:esbuild
  File: /Users/adept/Documents/_My_Projects/redo_my_budget_pro/src/app.jsx
7:50:23 PM [vite] warning: Duplicate member "getTransactionsByDate" in class body
1676|       * @returns {Array} Filtered transactions
1677|       */
1678|    getTransactionsByDate(date) {
   |    ^
1679|      const startOfDay = new Date(date);
1680|      startOfDay.setHours(0, 0, 0, 0);

  Plugin: vite:esbuild
  File: /Users/adept/Documents/_My_Projects/redo_my_budget_pro/src/app.jsx
7:50:23 PM [vite] warning: Duplicate member "setupCalendarEventListeners" in class body
1861|       * Set up event listeners for the calendar
1862|       */
1863|    setupCalendarEventListeners() {
   |    ^
1864|      const calendarEl = document.getElementById('calendar');
1865|      if (!calendarEl) return;

  Plugin: vite:esbuild
  File: /Users/adept/Documents/_My_Projects/redo_my_budget_pro/src/app.jsx
7:55:50 PM [vite] page reload src/app.jsx
7:55:51 PM [vite] warning: Duplicate member "getTransactionsByDateRange" in class body
1648|       * @returns {Array} Filtered transactions
1649|       */
1650|    getTransactionsByDateRange(startDate, endDate) {
   |    ^
1651|      console.log('getTransactionsByDateRange - Input dates:', { startDate, endDate });
1652|          

  Plugin: vite:esbuild
  File: /Users/adept/Documents/_My_Projects/redo_my_budget_pro/src/app.jsx
7:55:51 PM [vite] warning: Duplicate member "getTransactionsByDate" in class body
1676|       * @returns {Array} Filtered transactions
1677|       */
1678|    getTransactionsByDate(date) {
   |    ^
1679|      const startOfDay = new Date(date);
1680|      startOfDay.setHours(0, 0, 0, 0);

  Plugin: vite:esbuild
  File: /Users/adept/Documents/_My_Projects/redo_my_budget_pro/src/app.jsx
7:55:51 PM [vite] warning: Duplicate member "setupCalendarEventListeners" in class body
1861|       * Set up event listeners for the calendar
1862|       */
1863|    setupCalendarEventListeners() {
   |    ^
1864|      const calendarEl = document.getElementById('calendar');
1865|      if (!calendarEl) return;

  Plugin: vite:esbuild
  File: /Users/adept/Documents/_My_Projects/redo_my_budget_pro/src/app.jsx
7:58:06 PM [vite] page reload src/app.jsx
7:58:06 PM [vite] warning: Duplicate member "getTransactionsByDateRange" in class body
1648|       * @returns {Array} Filtered transactions
1649|       */
1650|    getTransactionsByDateRange(startDate, endDate) {
   |    ^
1651|      console.log('getTransactionsByDateRange - Input dates:', { startDate, endDate });
1652|          

  Plugin: vite:esbuild
  File: /Users/adept/Documents/_My_Projects/redo_my_budget_pro/src/app.jsx
7:58:06 PM [vite] warning: Duplicate member "getTransactionsByDate" in class body
1676|       * @returns {Array} Filtered transactions
1677|       */
1678|    getTransactionsByDate(date) {
   |    ^
1679|      const startOfDay = new Date(date);
1680|      startOfDay.setHours(0, 0, 0, 0);

  Plugin: vite:esbuild
  File: /Users/adept/Documents/_My_Projects/redo_my_budget_pro/src/app.jsx
7:58:06 PM [vite] warning: Duplicate member "setupCalendarEventListeners" in class body
1861|       * Set up event listeners for the calendar
1862|       */
1863|    setupCalendarEventListeners() {
   |    ^
1864|      const calendarEl = document.getElementById('calendar');
1865|      if (!calendarEl) return;

  Plugin: vite:esbuild
  File: /Users/adept/Documents/_My_Projects/redo_my_budget_pro/src/app.jsx
8:09:27 PM [vite] page reload src/app.jsx
8:09:28 PM [vite] Internal server error: Transform failed with 1 error:
/Users/adept/Documents/_My_Projects/redo_my_budget_pro/src/app.jsx:4354:26: ERROR: Expected ";" but found "{"
  Plugin: vite:esbuild
  File: /Users/adept/Documents/_My_Projects/redo_my_budget_pro/src/app.jsx:4354:26
  
  Expected ";" but found "{"
  4352|  
  4353|    // Render account dropdown in navbar
  4354|    renderAccountDropdown() {
     |                            ^
  4355|      let container = document.getElementById('account-dropdown');
  4356|      if (!container) {
  
      at failureErrorWithLog (/Users/adept/Documents/_My_Projects/redo_my_budget_pro/node_modules/esbuild/lib/main.js:1649:15)
      at /Users/adept/Documents/_My_Projects/redo_my_budget_pro/node_modules/esbuild/lib/main.js:847:29
      at responseCallbacks.<computed> (/Users/adept/Documents/_My_Projects/redo_my_budget_pro/node_modules/esbuild/lib/main.js:703:9)
      at handleIncomingPacket (/Users/adept/Documents/_My_Projects/redo_my_budget_pro/node_modules/esbuild/lib/main.js:762:9)
      at Socket.readFromStdout (/Users/adept/Documents/_My_Projects/redo_my_budget_pro/node_modules/esbuild/lib/main.js:679:7)
      at Socket.emit (node:events:507:28)
      at addChunk (node:internal/streams/readable:559:12)
      at readableAddChunkPushByteMode (node:internal/streams/readable:510:3)
      at Readable.push (node:internal/streams/readable:390:5)
      at Pipe.onStreamRead (node:internal/stream_base_commons:189:23)
8:09:55 PM [vite] Internal server error: Transform failed with 1 error:
/Users/adept/Documents/_My_Projects/redo_my_budget_pro/src/app.jsx:4354:26: ERROR: Expected ";" but found "{"
  Plugin: vite:esbuild
  File: /Users/adept/Documents/_My_Projects/redo_my_budget_pro/src/app.jsx:4354:26
  
  Expected ";" but found "{"
  4352|  
  4353|    // Render account dropdown in navbar
  4354|    renderAccountDropdown() {
     |                            ^
  4355|      let container = document.getElementById('account-dropdown');
  4356|      if (!container) {
  
      at failureErrorWithLog (/Users/adept/Documents/_My_Projects/redo_my_budget_pro/node_modules/esbuild/lib/main.js:1649:15)
      at /Users/adept/Documents/_My_Projects/redo_my_budget_pro/node_modules/esbuild/lib/main.js:847:29
      at responseCallbacks.<computed> (/Users/adept/Documents/_My_Projects/redo_my_budget_pro/node_modules/esbuild/lib/main.js:703:9)
      at handleIncomingPacket (/Users/adept/Documents/_My_Projects/redo_my_budget_pro/node_modules/esbuild/lib/main.js:762:9)
      at Socket.readFromStdout (/Users/adept/Documents/_My_Projects/redo_my_budget_pro/node_modules/esbuild/lib/main.js:679:7)
      at Socket.emit (node:events:507:28)
      at addChunk (node:internal/streams/readable:559:12)
      at readableAddChunkPushByteMode (node:internal/streams/readable:510:3)
      at Readable.push (node:internal/streams/readable:390:5)
      at Pipe.onStreamRead (node:internal/stream_base_commons:189:23)
8:11:40 PM [vite] page reload src/app.jsx
8:11:40 PM [vite] Internal server error: Transform failed with 1 error:
/Users/adept/Documents/_My_Projects/redo_my_budget_pro/src/app.jsx:4354:0: ERROR: Unexpected "}"
  Plugin: vite:esbuild
  File: /Users/adept/Documents/_My_Projects/redo_my_budget_pro/src/app.jsx:4354:0
  
  Unexpected "}"
  4351|  }
  4352|  
  4353|  // Attach account dropdown helper to prototype (defined after class)
     |                                                                       ^
  4354|  }
     |  ^
  4355|  
  
      at failureErrorWithLog (/Users/adept/Documents/_My_Projects/redo_my_budget_pro/node_modules/esbuild/lib/main.js:1649:15)
      at /Users/adept/Documents/_My_Projects/redo_my_budget_pro/node_modules/esbuild/lib/main.js:847:29
      at responseCallbacks.<computed> (/Users/adept/Documents/_My_Projects/redo_my_budget_pro/node_modules/esbuild/lib/main.js:703:9)
      at handleIncomingPacket (/Users/adept/Documents/_My_Projects/redo_my_budget_pro/node_modules/esbuild/lib/main.js:762:9)
      at Socket.readFromStdout (/Users/adept/Documents/_My_Projects/redo_my_budget_pro/node_modules/esbuild/lib/main.js:679:7)
      at Socket.emit (node:events:507:28)
      at addChunk (node:internal/streams/readable:559:12)
      at readableAddChunkPushByteMode (node:internal/streams/readable:510:3)
      at Readable.push (node:internal/streams/readable:390:5)
      at Pipe.onStreamRead (node:internal/stream_base_commons:189:23)
8:11:59 PM [vite] page reload src/app.jsx
8:12:00 PM [vite] warning: Duplicate member "getTransactionsByDateRange" in class body
1662|       * @returns {Array} Filtered transactions
1663|       */
1664|    getTransactionsByDateRange(startDate, endDate) {
   |    ^
1665|      console.log('getTransactionsByDateRange - Input dates:', { startDate, endDate });
1666|          

  Plugin: vite:esbuild
  File: /Users/adept/Documents/_My_Projects/redo_my_budget_pro/src/app.jsx
8:12:00 PM [vite] warning: Duplicate member "getTransactionsByDate" in class body
1690|       * @returns {Array} Filtered transactions
1691|       */
1692|    getTransactionsByDate(date) {
   |    ^
1693|      const startOfDay = new Date(date);
1694|      startOfDay.setHours(0, 0, 0, 0);

  Plugin: vite:esbuild
  File: /Users/adept/Documents/_My_Projects/redo_my_budget_pro/src/app.jsx
8:12:00 PM [vite] warning: Duplicate member "setupCalendarEventListeners" in class body
1875|       * Set up event listeners for the calendar
1876|       */
1877|    setupCalendarEventListeners() {
   |    ^
1878|      const calendarEl = document.getElementById('calendar');
1879|      if (!calendarEl) return;

  Plugin: vite:esbuild
  File: /Users/adept/Documents/_My_Projects/redo_my_budget_pro/src/app.jsx
8:13:35 PM [vite] page reload src/account-manager.js
8:13:35 PM [vite] warning: Duplicate member "getTransactionsByDateRange" in class body
1662|       * @returns {Array} Filtered transactions
1663|       */
1664|    getTransactionsByDateRange(startDate, endDate) {
   |    ^
1665|      console.log('getTransactionsByDateRange - Input dates:', { startDate, endDate });
1666|          

  Plugin: vite:esbuild
  File: /Users/adept/Documents/_My_Projects/redo_my_budget_pro/src/app.jsx
8:13:35 PM [vite] warning: Duplicate member "getTransactionsByDate" in class body
1690|       * @returns {Array} Filtered transactions
1691|       */
1692|    getTransactionsByDate(date) {
   |    ^
1693|      const startOfDay = new Date(date);
1694|      startOfDay.setHours(0, 0, 0, 0);

  Plugin: vite:esbuild
  File: /Users/adept/Documents/_My_Projects/redo_my_budget_pro/src/app.jsx
8:13:35 PM [vite] warning: Duplicate member "setupCalendarEventListeners" in class body
1875|       * Set up event listeners for the calendar
1876|       */
1877|    setupCalendarEventListeners() {
   |    ^
1878|      const calendarEl = document.getElementById('calendar');
1879|      if (!calendarEl) return;

  Plugin: vite:esbuild
  File: /Users/adept/Documents/_My_Projects/redo_my_budget_pro/src/app.jsx
8:15:42 PM [vite] page reload src/account-manager.js
8:15:42 PM [vite] warning: Duplicate member "getTransactionsByDateRange" in class body
1662|       * @returns {Array} Filtered transactions
1663|       */
1664|    getTransactionsByDateRange(startDate, endDate) {
   |    ^
1665|      console.log('getTransactionsByDateRange - Input dates:', { startDate, endDate });
1666|          

  Plugin: vite:esbuild
  File: /Users/adept/Documents/_My_Projects/redo_my_budget_pro/src/app.jsx
8:15:42 PM [vite] warning: Duplicate member "getTransactionsByDate" in class body
1690|       * @returns {Array} Filtered transactions
1691|       */
1692|    getTransactionsByDate(date) {
   |    ^
1693|      const startOfDay = new Date(date);
1694|      startOfDay.setHours(0, 0, 0, 0);

  Plugin: vite:esbuild
  File: /Users/adept/Documents/_My_Projects/redo_my_budget_pro/src/app.jsx
8:15:42 PM [vite] warning: Duplicate member "setupCalendarEventListeners" in class body
1875|       * Set up event listeners for the calendar
1876|       */
1877|    setupCalendarEventListeners() {
   |    ^
1878|      const calendarEl = document.getElementById('calendar');
1879|      if (!calendarEl) return;

  Plugin: vite:esbuild
  File: /Users/adept/Documents/_My_Projects/redo_my_budget_pro/src/app.jsx
8:17:32 PM [vite] page reload src/account-manager.js
8:17:32 PM [vite] warning: Duplicate member "getTransactionsByDateRange" in class body
1662|       * @returns {Array} Filtered transactions
1663|       */
1664|    getTransactionsByDateRange(startDate, endDate) {
   |    ^
1665|      console.log('getTransactionsByDateRange - Input dates:', { startDate, endDate });
1666|          

  Plugin: vite:esbuild
  File: /Users/adept/Documents/_My_Projects/redo_my_budget_pro/src/app.jsx
8:17:32 PM [vite] warning: Duplicate member "getTransactionsByDate" in class body
1690|       * @returns {Array} Filtered transactions
1691|       */
1692|    getTransactionsByDate(date) {
   |    ^
1693|      const startOfDay = new Date(date);
1694|      startOfDay.setHours(0, 0, 0, 0);

  Plugin: vite:esbuild
  File: /Users/adept/Documents/_My_Projects/redo_my_budget_pro/src/app.jsx
8:17:32 PM [vite] warning: Duplicate member "setupCalendarEventListeners" in class body
1875|       * Set up event listeners for the calendar
1876|       */
1877|    setupCalendarEventListeners() {
   |    ^
1878|      const calendarEl = document.getElementById('calendar');
1879|      if (!calendarEl) return;

  Plugin: vite:esbuild
  File: /Users/adept/Documents/_My_Projects/redo_my_budget_pro/src/app.jsx
Failed to parse source for import analysis because the content contains invalid JS syntax. If you are using JSX, make sure to name the file with the .jsx or .tsx extension.
8:17:32 PM [vite] Internal server error: Failed to parse source for import analysis because the content contains invalid JS syntax. If you are using JSX, make sure to name the file with the .jsx or .tsx extension.
  Plugin: vite:import-analysis
  File: /Users/adept/Documents/_My_Projects/redo_my_budget_pro/src/account-manager.js:1:1
  1  |  // account-manager.js
     |  ^
  2  |  // Responsible for CRUD operations on user accounts and switching between them.
  3  |  // Each account has isolated encrypted stores by appending `-<accountId>` suffix to store names.
      at formatError (file:///Users/adept/Documents/_My_Projects/redo_my_budget_pro/node_modules/vite/dist/node/chunks/dep-827b23df.js:44066:46)
      at TransformContext.error (file:///Users/adept/Documents/_My_Projects/redo_my_budget_pro/node_modules/vite/dist/node/chunks/dep-827b23df.js:44062:19)
      at TransformContext.transform (file:///Users/adept/Documents/_My_Projects/redo_my_budget_pro/node_modules/vite/dist/node/chunks/dep-827b23df.js:41785:22)
      at async Object.transform (file:///Users/adept/Documents/_My_Projects/redo_my_budget_pro/node_modules/vite/dist/node/chunks/dep-827b23df.js:44356:30)
      at async loadAndTransform (file:///Users/adept/Documents/_My_Projects/redo_my_budget_pro/node_modules/vite/dist/node/chunks/dep-827b23df.js:55088:29)
      at async viteTransformMiddleware (file:///Users/adept/Documents/_My_Projects/redo_my_budget_pro/node_modules/vite/dist/node/chunks/dep-827b23df.js:64699:32)
8:17:51 PM [vite] page reload src/account-manager.js
8:17:51 PM [vite] warning: Duplicate member "getTransactionsByDateRange" in class body
1662|       * @returns {Array} Filtered transactions
1663|       */
1664|    getTransactionsByDateRange(startDate, endDate) {
   |    ^
1665|      console.log('getTransactionsByDateRange - Input dates:', { startDate, endDate });
1666|          

  Plugin: vite:esbuild
  File: /Users/adept/Documents/_My_Projects/redo_my_budget_pro/src/app.jsx
8:17:51 PM [vite] warning: Duplicate member "getTransactionsByDate" in class body
1690|       * @returns {Array} Filtered transactions
1691|       */
1692|    getTransactionsByDate(date) {
   |    ^
1693|      const startOfDay = new Date(date);
1694|      startOfDay.setHours(0, 0, 0, 0);

  Plugin: vite:esbuild
  File: /Users/adept/Documents/_My_Projects/redo_my_budget_pro/src/app.jsx
8:17:51 PM [vite] warning: Duplicate member "setupCalendarEventListeners" in class body
1875|       * Set up event listeners for the calendar
1876|       */
1877|    setupCalendarEventListeners() {
   |    ^
1878|      const calendarEl = document.getElementById('calendar');
1879|      if (!calendarEl) return;

  Plugin: vite:esbuild
  File: /Users/adept/Documents/_My_Projects/redo_my_budget_pro/src/app.jsx
8:18:15 PM [vite] page reload src/app.jsx
8:18:15 PM [vite] warning: Duplicate member "getTransactionsByDateRange" in class body
1665|       * @returns {Array} Filtered transactions
1666|       */
1667|    getTransactionsByDateRange(startDate, endDate) {
   |    ^
1668|      console.log('getTransactionsByDateRange - Input dates:', { startDate, endDate });
1669|          

  Plugin: vite:esbuild
  File: /Users/adept/Documents/_My_Projects/redo_my_budget_pro/src/app.jsx
8:18:15 PM [vite] warning: Duplicate member "getTransactionsByDate" in class body
1693|       * @returns {Array} Filtered transactions
1694|       */
1695|    getTransactionsByDate(date) {
   |    ^
1696|      const startOfDay = new Date(date);
1697|      startOfDay.setHours(0, 0, 0, 0);

  Plugin: vite:esbuild
  File: /Users/adept/Documents/_My_Projects/redo_my_budget_pro/src/app.jsx
8:18:15 PM [vite] warning: Duplicate member "setupCalendarEventListeners" in class body
1878|       * Set up event listeners for the calendar
1879|       */
1880|    setupCalendarEventListeners() {
   |    ^
1881|      const calendarEl = document.getElementById('calendar');
1882|      if (!calendarEl) return;

  Plugin: vite:esbuild
  File: /Users/adept/Documents/_My_Projects/redo_my_budget_pro/src/app.jsx
8:19:52 PM [vite] page reload src/app.jsx
8:19:52 PM [vite] warning: Duplicate member "getTransactionsByDateRange" in class body
1665|       * @returns {Array} Filtered transactions
1666|       */
1667|    getTransactionsByDateRange(startDate, endDate) {
   |    ^
1668|      console.log('getTransactionsByDateRange - Input dates:', { startDate, endDate });
1669|          

  Plugin: vite:esbuild
  File: /Users/adept/Documents/_My_Projects/redo_my_budget_pro/src/app.jsx
8:19:52 PM [vite] warning: Duplicate member "getTransactionsByDate" in class body
1693|       * @returns {Array} Filtered transactions
1694|       */
1695|    getTransactionsByDate(date) {
   |    ^
1696|      const startOfDay = new Date(date);
1697|      startOfDay.setHours(0, 0, 0, 0);

  Plugin: vite:esbuild
  File: /Users/adept/Documents/_My_Projects/redo_my_budget_pro/src/app.jsx
8:19:52 PM [vite] warning: Duplicate member "setupCalendarEventListeners" in class body
1878|       * Set up event listeners for the calendar
1879|       */
1880|    setupCalendarEventListeners() {
   |    ^
1881|      const calendarEl = document.getElementById('calendar');
1882|      if (!calendarEl) return;

  Plugin: vite:esbuild
  File: /Users/adept/Documents/_My_Projects/redo_my_budget_pro/src/app.jsx
8:21:09 PM [vite] page reload src/local-db.js
8:21:09 PM [vite] warning: Duplicate member "getTransactionsByDateRange" in class body
1665|       * @returns {Array} Filtered transactions
1666|       */
1667|    getTransactionsByDateRange(startDate, endDate) {
   |    ^
1668|      console.log('getTransactionsByDateRange - Input dates:', { startDate, endDate });
1669|          

  Plugin: vite:esbuild
  File: /Users/adept/Documents/_My_Projects/redo_my_budget_pro/src/app.jsx
8:21:09 PM [vite] warning: Duplicate member "getTransactionsByDate" in class body
1693|       * @returns {Array} Filtered transactions
1694|       */
1695|    getTransactionsByDate(date) {
   |    ^
1696|      const startOfDay = new Date(date);
1697|      startOfDay.setHours(0, 0, 0, 0);

  Plugin: vite:esbuild
  File: /Users/adept/Documents/_My_Projects/redo_my_budget_pro/src/app.jsx
8:21:09 PM [vite] warning: Duplicate member "setupCalendarEventListeners" in class body
1878|       * Set up event listeners for the calendar
1879|       */
1880|    setupCalendarEventListeners() {
   |    ^
1881|      const calendarEl = document.getElementById('calendar');
1882|      if (!calendarEl) return;

  Plugin: vite:esbuild
  File: /Users/adept/Documents/_My_Projects/redo_my_budget_pro/src/app.jsx
8:22:43 PM [vite] page reload src/local-db.js
8:22:43 PM [vite] warning: Duplicate member "getTransactionsByDateRange" in class body
1665|       * @returns {Array} Filtered transactions
1666|       */
1667|    getTransactionsByDateRange(startDate, endDate) {
   |    ^
1668|      console.log('getTransactionsByDateRange - Input dates:', { startDate, endDate });
1669|          

  Plugin: vite:esbuild
  File: /Users/adept/Documents/_My_Projects/redo_my_budget_pro/src/app.jsx
8:22:43 PM [vite] warning: Duplicate member "getTransactionsByDate" in class body
1693|       * @returns {Array} Filtered transactions
1694|       */
1695|    getTransactionsByDate(date) {
   |    ^
1696|      const startOfDay = new Date(date);
1697|      startOfDay.setHours(0, 0, 0, 0);

  Plugin: vite:esbuild
  File: /Users/adept/Documents/_My_Projects/redo_my_budget_pro/src/app.jsx
8:22:43 PM [vite] warning: Duplicate member "setupCalendarEventListeners" in class body
1878|       * Set up event listeners for the calendar
1879|       */
1880|    setupCalendarEventListeners() {
   |    ^
1881|      const calendarEl = document.getElementById('calendar');
1882|      if (!calendarEl) return;

  Plugin: vite:esbuild
  File: /Users/adept/Documents/_My_Projects/redo_my_budget_pro/src/app.jsx
8:26:49 PM [vite] page reload src/app.jsx
8:27:05 PM [vite] warning: Duplicate member "getTransactionsByDateRange" in class body
1665|       * @returns {Array} Filtered transactions
1666|       */
1667|    getTransactionsByDateRange(startDate, endDate) {
   |    ^
1668|      console.log('getTransactionsByDateRange - Input dates:', { startDate, endDate });
1669|          

  Plugin: vite:esbuild
  File: /Users/adept/Documents/_My_Projects/redo_my_budget_pro/src/app.jsx
8:27:05 PM [vite] warning: Duplicate member "getTransactionsByDate" in class body
1693|       * @returns {Array} Filtered transactions
1694|       */
1695|    getTransactionsByDate(date) {
   |    ^
1696|      const startOfDay = new Date(date);
1697|      startOfDay.setHours(0, 0, 0, 0);

  Plugin: vite:esbuild
  File: /Users/adept/Documents/_My_Projects/redo_my_budget_pro/src/app.jsx
8:27:05 PM [vite] warning: Duplicate member "setupCalendarEventListeners" in class body
1878|       * Set up event listeners for the calendar
1879|       */
1880|    setupCalendarEventListeners() {
   |    ^
1881|      const calendarEl = document.getElementById('calendar');
1882|      if (!calendarEl) return;

  Plugin: vite:esbuild
  File: /Users/adept/Documents/_My_Projects/redo_my_budget_pro/src/app.jsx
8:34:24 PM [vite] page reload src/app.jsx
8:34:25 PM [vite] Internal server error: Transform failed with 1 error:
/Users/adept/Documents/_My_Projects/redo_my_budget_pro/src/app.jsx:4408:5: ERROR: Expected ";" but found ")"
  Plugin: vite:esbuild
  File: /Users/adept/Documents/_My_Projects/redo_my_budget_pro/src/app.jsx:4408:5
  
  Expected ";" but found ")"
  4406|        };
  4407|        menu.appendChild(newLi);
  4408|      });
     |       ^
  4409|    }
  4410|  
  
      at failureErrorWithLog (/Users/adept/Documents/_My_Projects/redo_my_budget_pro/node_modules/esbuild/lib/main.js:1649:15)
      at /Users/adept/Documents/_My_Projects/redo_my_budget_pro/node_modules/esbuild/lib/main.js:847:29
      at responseCallbacks.<computed> (/Users/adept/Documents/_My_Projects/redo_my_budget_pro/node_modules/esbuild/lib/main.js:703:9)
      at handleIncomingPacket (/Users/adept/Documents/_My_Projects/redo_my_budget_pro/node_modules/esbuild/lib/main.js:762:9)
      at Socket.readFromStdout (/Users/adept/Documents/_My_Projects/redo_my_budget_pro/node_modules/esbuild/lib/main.js:679:7)
      at Socket.emit (node:events:507:28)
      at addChunk (node:internal/streams/readable:559:12)
      at readableAddChunkPushByteMode (node:internal/streams/readable:510:3)
      at Readable.push (node:internal/streams/readable:390:5)
      at Pipe.onStreamRead (node:internal/stream_base_commons:189:23)
8:34:52 PM [vite] page reload src/app.jsx
8:34:52 PM [vite] warning: Duplicate member "getTransactionsByDateRange" in class body
1665|       * @returns {Array} Filtered transactions
1666|       */
1667|    getTransactionsByDateRange(startDate, endDate) {
   |    ^
1668|      console.log('getTransactionsByDateRange - Input dates:', { startDate, endDate });
1669|          

  Plugin: vite:esbuild
  File: /Users/adept/Documents/_My_Projects/redo_my_budget_pro/src/app.jsx
8:34:52 PM [vite] warning: Duplicate member "getTransactionsByDate" in class body
1693|       * @returns {Array} Filtered transactions
1694|       */
1695|    getTransactionsByDate(date) {
   |    ^
1696|      const startOfDay = new Date(date);
1697|      startOfDay.setHours(0, 0, 0, 0);

  Plugin: vite:esbuild
  File: /Users/adept/Documents/_My_Projects/redo_my_budget_pro/src/app.jsx
8:34:52 PM [vite] warning: Duplicate member "setupCalendarEventListeners" in class body
1878|       * Set up event listeners for the calendar
1879|       */
1880|    setupCalendarEventListeners() {
   |    ^
1881|      const calendarEl = document.getElementById('calendar');
1882|      if (!calendarEl) return;

  Plugin: vite:esbuild
  File: /Users/adept/Documents/_My_Projects/redo_my_budget_pro/src/app.jsx
8:41:23 PM [vite] page reload index.html
8:43:12 PM [vite] page reload index.html
8:43:41 PM [vite] page reload src/budget-manager.js
8:43:41 PM [vite] warning: Duplicate member "getTransactionsByDateRange" in class body
1665|       * @returns {Array} Filtered transactions
1666|       */
1667|    getTransactionsByDateRange(startDate, endDate) {
   |    ^
1668|      console.log('getTransactionsByDateRange - Input dates:', { startDate, endDate });
1669|          

  Plugin: vite:esbuild
  File: /Users/adept/Documents/_My_Projects/redo_my_budget_pro/src/app.jsx
8:43:41 PM [vite] warning: Duplicate member "getTransactionsByDate" in class body
1693|       * @returns {Array} Filtered transactions
1694|       */
1695|    getTransactionsByDate(date) {
   |    ^
1696|      const startOfDay = new Date(date);
1697|      startOfDay.setHours(0, 0, 0, 0);

  Plugin: vite:esbuild
  File: /Users/adept/Documents/_My_Projects/redo_my_budget_pro/src/app.jsx
8:43:41 PM [vite] warning: Duplicate member "setupCalendarEventListeners" in class body
1878|       * Set up event listeners for the calendar
1879|       */
1880|    setupCalendarEventListeners() {
   |    ^
1881|      const calendarEl = document.getElementById('calendar');
1882|      if (!calendarEl) return;

  Plugin: vite:esbuild
  File: /Users/adept/Documents/_My_Projects/redo_my_budget_pro/src/app.jsx
8:43:52 PM [vite] page reload src/budget-manager.js
8:43:52 PM [vite] warning: Duplicate member "getTransactionsByDateRange" in class body
1665|       * @returns {Array} Filtered transactions
1666|       */
1667|    getTransactionsByDateRange(startDate, endDate) {
   |    ^
1668|      console.log('getTransactionsByDateRange - Input dates:', { startDate, endDate });
1669|          

  Plugin: vite:esbuild
  File: /Users/adept/Documents/_My_Projects/redo_my_budget_pro/src/app.jsx
8:43:52 PM [vite] warning: Duplicate member "getTransactionsByDate" in class body
1693|       * @returns {Array} Filtered transactions
1694|       */
1695|    getTransactionsByDate(date) {
   |    ^
1696|      const startOfDay = new Date(date);
1697|      startOfDay.setHours(0, 0, 0, 0);

  Plugin: vite:esbuild
  File: /Users/adept/Documents/_My_Projects/redo_my_budget_pro/src/app.jsx
8:43:52 PM [vite] warning: Duplicate member "setupCalendarEventListeners" in class body
1878|       * Set up event listeners for the calendar
1879|       */
1880|    setupCalendarEventListeners() {
   |    ^
1881|      const calendarEl = document.getElementById('calendar');
1882|      if (!calendarEl) return;

  Plugin: vite:esbuild
  File: /Users/adept/Documents/_My_Projects/redo_my_budget_pro/src/app.jsx
8:45:58 PM [vite] page reload index.html
8:47:57 PM [vite] page reload index.html
8:50:15 PM [vite] page reload index.html
8:50:36 PM [vite] page reload src/budget-manager.js
8:50:37 PM [vite] warning: Duplicate member "getTransactionsByDateRange" in class body
1665|       * @returns {Array} Filtered transactions
1666|       */
1667|    getTransactionsByDateRange(startDate, endDate) {
   |    ^
1668|      console.log('getTransactionsByDateRange - Input dates:', { startDate, endDate });
1669|          

  Plugin: vite:esbuild
  File: /Users/adept/Documents/_My_Projects/redo_my_budget_pro/src/app.jsx
8:50:37 PM [vite] warning: Duplicate member "getTransactionsByDate" in class body
1693|       * @returns {Array} Filtered transactions
1694|       */
1695|    getTransactionsByDate(date) {
   |    ^
1696|      const startOfDay = new Date(date);
1697|      startOfDay.setHours(0, 0, 0, 0);

  Plugin: vite:esbuild
  File: /Users/adept/Documents/_My_Projects/redo_my_budget_pro/src/app.jsx
8:50:37 PM [vite] warning: Duplicate member "setupCalendarEventListeners" in class body
1878|       * Set up event listeners for the calendar
1879|       */
1880|    setupCalendarEventListeners() {
   |    ^
1881|      const calendarEl = document.getElementById('calendar');
1882|      if (!calendarEl) return;

  Plugin: vite:esbuild
  File: /Users/adept/Documents/_My_Projects/redo_my_budget_pro/src/app.jsx
8:51:53 PM [vite] page reload src/budget-manager.js
8:51:54 PM [vite] warning: Duplicate member "getTransactionsByDateRange" in class body
1665|       * @returns {Array} Filtered transactions
1666|       */
1667|    getTransactionsByDateRange(startDate, endDate) {
   |    ^
1668|      console.log('getTransactionsByDateRange - Input dates:', { startDate, endDate });
1669|          

  Plugin: vite:esbuild
  File: /Users/adept/Documents/_My_Projects/redo_my_budget_pro/src/app.jsx
8:51:54 PM [vite] warning: Duplicate member "getTransactionsByDate" in class body
1693|       * @returns {Array} Filtered transactions
1694|       */
1695|    getTransactionsByDate(date) {
   |    ^
1696|      const startOfDay = new Date(date);
1697|      startOfDay.setHours(0, 0, 0, 0);

  Plugin: vite:esbuild
  File: /Users/adept/Documents/_My_Projects/redo_my_budget_pro/src/app.jsx
8:51:54 PM [vite] warning: Duplicate member "setupCalendarEventListeners" in class body
1878|       * Set up event listeners for the calendar
1879|       */
1880|    setupCalendarEventListeners() {
   |    ^
1881|      const calendarEl = document.getElementById('calendar');
1882|      if (!calendarEl) return;

  Plugin: vite:esbuild
  File: /Users/adept/Documents/_My_Projects/redo_my_budget_pro/src/app.jsx
8:53:30 PM [vite] page reload index.html
8:54:32 PM [vite] page reload src/budget-manager.js
8:54:32 PM [vite] warning: Duplicate member "getTransactionsByDateRange" in class body
1665|       * @returns {Array} Filtered transactions
1666|       */
1667|    getTransactionsByDateRange(startDate, endDate) {
   |    ^
1668|      console.log('getTransactionsByDateRange - Input dates:', { startDate, endDate });
1669|          

  Plugin: vite:esbuild
  File: /Users/adept/Documents/_My_Projects/redo_my_budget_pro/src/app.jsx
8:54:32 PM [vite] warning: Duplicate member "getTransactionsByDate" in class body
1693|       * @returns {Array} Filtered transactions
1694|       */
1695|    getTransactionsByDate(date) {
   |    ^
1696|      const startOfDay = new Date(date);
1697|      startOfDay.setHours(0, 0, 0, 0);

  Plugin: vite:esbuild
  File: /Users/adept/Documents/_My_Projects/redo_my_budget_pro/src/app.jsx
8:54:32 PM [vite] warning: Duplicate member "setupCalendarEventListeners" in class body
1878|       * Set up event listeners for the calendar
1879|       */
1880|    setupCalendarEventListeners() {
   |    ^
1881|      const calendarEl = document.getElementById('calendar');
1882|      if (!calendarEl) return;

  Plugin: vite:esbuild
  File: /Users/adept/Documents/_My_Projects/redo_my_budget_pro/src/app.jsx
9:13:21 PM [vite] page reload src/budget-manager.js
9:13:22 PM [vite] warning: Duplicate member "getTransactionsByDateRange" in class body
1665|       * @returns {Array} Filtered transactions
1666|       */
1667|    getTransactionsByDateRange(startDate, endDate) {
   |    ^
1668|      console.log('getTransactionsByDateRange - Input dates:', { startDate, endDate });
1669|          

  Plugin: vite:esbuild
  File: /Users/adept/Documents/_My_Projects/redo_my_budget_pro/src/app.jsx
9:13:22 PM [vite] warning: Duplicate member "getTransactionsByDate" in class body
1693|       * @returns {Array} Filtered transactions
1694|       */
1695|    getTransactionsByDate(date) {
   |    ^
1696|      const startOfDay = new Date(date);
1697|      startOfDay.setHours(0, 0, 0, 0);

  Plugin: vite:esbuild
  File: /Users/adept/Documents/_My_Projects/redo_my_budget_pro/src/app.jsx
9:13:22 PM [vite] warning: Duplicate member "setupCalendarEventListeners" in class body
1878|       * Set up event listeners for the calendar
1879|       */
1880|    setupCalendarEventListeners() {
   |    ^
1881|      const calendarEl = document.getElementById('calendar');
1882|      if (!calendarEl) return;

  Plugin: vite:esbuild
  File: /Users/adept/Documents/_My_Projects/redo_my_budget_pro/src/app.jsx
9:15:50 PM [vite] page reload src/budget-manager.js
9:15:50 PM [vite] warning: Duplicate member "getTransactionsByDateRange" in class body
1665|       * @returns {Array} Filtered transactions
1666|       */
1667|    getTransactionsByDateRange(startDate, endDate) {
   |    ^
1668|      console.log('getTransactionsByDateRange - Input dates:', { startDate, endDate });
1669|          

  Plugin: vite:esbuild
  File: /Users/adept/Documents/_My_Projects/redo_my_budget_pro/src/app.jsx
9:15:50 PM [vite] warning: Duplicate member "getTransactionsByDate" in class body
1693|       * @returns {Array} Filtered transactions
1694|       */
1695|    getTransactionsByDate(date) {
   |    ^
1696|      const startOfDay = new Date(date);
1697|      startOfDay.setHours(0, 0, 0, 0);

  Plugin: vite:esbuild
  File: /Users/adept/Documents/_My_Projects/redo_my_budget_pro/src/app.jsx
9:15:50 PM [vite] warning: Duplicate member "setupCalendarEventListeners" in class body
1878|       * Set up event listeners for the calendar
1879|       */
1880|    setupCalendarEventListeners() {
   |    ^
1881|      const calendarEl = document.getElementById('calendar');
1882|      if (!calendarEl) return;

  Plugin: vite:esbuild
  File: /Users/adept/Documents/_My_Projects/redo_my_budget_pro/src/app.jsx
9:24:26 PM [vite] page reload src/analytics.js
9:24:26 PM [vite] warning: Duplicate member "getTransactionsByDateRange" in class body
1665|       * @returns {Array} Filtered transactions
1666|       */
1667|    getTransactionsByDateRange(startDate, endDate) {
   |    ^
1668|      console.log('getTransactionsByDateRange - Input dates:', { startDate, endDate });
1669|          

  Plugin: vite:esbuild
  File: /Users/adept/Documents/_My_Projects/redo_my_budget_pro/src/app.jsx
9:24:26 PM [vite] warning: Duplicate member "getTransactionsByDate" in class body
1693|       * @returns {Array} Filtered transactions
1694|       */
1695|    getTransactionsByDate(date) {
   |    ^
1696|      const startOfDay = new Date(date);
1697|      startOfDay.setHours(0, 0, 0, 0);

  Plugin: vite:esbuild
  File: /Users/adept/Documents/_My_Projects/redo_my_budget_pro/src/app.jsx
9:24:26 PM [vite] warning: Duplicate member "setupCalendarEventListeners" in class body
1878|       * Set up event listeners for the calendar
1879|       */
1880|    setupCalendarEventListeners() {
   |    ^
1881|      const calendarEl = document.getElementById('calendar');
1882|      if (!calendarEl) return;

  Plugin: vite:esbuild
  File: /Users/adept/Documents/_My_Projects/redo_my_budget_pro/src/app.jsx
9:35:16 PM [vite] page reload src/analytics.js
9:35:17 PM [vite] warning: Duplicate member "getTransactionsByDateRange" in class body
1665|       * @returns {Array} Filtered transactions
1666|       */
1667|    getTransactionsByDateRange(startDate, endDate) {
   |    ^
1668|      console.log('getTransactionsByDateRange - Input dates:', { startDate, endDate });
1669|          

  Plugin: vite:esbuild
  File: /Users/adept/Documents/_My_Projects/redo_my_budget_pro/src/app.jsx
9:35:17 PM [vite] warning: Duplicate member "getTransactionsByDate" in class body
1693|       * @returns {Array} Filtered transactions
1694|       */
1695|    getTransactionsByDate(date) {
   |    ^
1696|      const startOfDay = new Date(date);
1697|      startOfDay.setHours(0, 0, 0, 0);

  Plugin: vite:esbuild
  File: /Users/adept/Documents/_My_Projects/redo_my_budget_pro/src/app.jsx
9:35:17 PM [vite] warning: Duplicate member "setupCalendarEventListeners" in class body
1878|       * Set up event listeners for the calendar
1879|       */
1880|    setupCalendarEventListeners() {
   |    ^
1881|      const calendarEl = document.getElementById('calendar');
1882|      if (!calendarEl) return;

  Plugin: vite:esbuild
  File: /Users/adept/Documents/_My_Projects/redo_my_budget_pro/src/app.jsx
9:40:19 PM [vite] page reload src/analytics.js
9:40:19 PM [vite] warning: Duplicate member "getTransactionsByDateRange" in class body
1665|       * @returns {Array} Filtered transactions
1666|       */
1667|    getTransactionsByDateRange(startDate, endDate) {
   |    ^
1668|      console.log('getTransactionsByDateRange - Input dates:', { startDate, endDate });
1669|          

  Plugin: vite:esbuild
  File: /Users/adept/Documents/_My_Projects/redo_my_budget_pro/src/app.jsx
9:40:19 PM [vite] warning: Duplicate member "getTransactionsByDate" in class body
1693|       * @returns {Array} Filtered transactions
1694|       */
1695|    getTransactionsByDate(date) {
   |    ^
1696|      const startOfDay = new Date(date);
1697|      startOfDay.setHours(0, 0, 0, 0);

  Plugin: vite:esbuild
  File: /Users/adept/Documents/_My_Projects/redo_my_budget_pro/src/app.jsx
9:40:19 PM [vite] warning: Duplicate member "setupCalendarEventListeners" in class body
1878|       * Set up event listeners for the calendar
1879|       */
1880|    setupCalendarEventListeners() {
   |    ^
1881|      const calendarEl = document.getElementById('calendar');
1882|      if (!calendarEl) return;

  Plugin: vite:esbuild
  File: /Users/adept/Documents/_My_Projects/redo_my_budget_pro/src/app.jsx
9:42:25 PM [vite] page reload src/analytics.js
9:42:26 PM [vite] warning: Duplicate member "getTransactionsByDateRange" in class body
1665|       * @returns {Array} Filtered transactions
1666|       */
1667|    getTransactionsByDateRange(startDate, endDate) {
   |    ^
1668|      console.log('getTransactionsByDateRange - Input dates:', { startDate, endDate });
1669|          

  Plugin: vite:esbuild
  File: /Users/adept/Documents/_My_Projects/redo_my_budget_pro/src/app.jsx
9:42:26 PM [vite] warning: Duplicate member "getTransactionsByDate" in class body
1693|       * @returns {Array} Filtered transactions
1694|       */
1695|    getTransactionsByDate(date) {
   |    ^
1696|      const startOfDay = new Date(date);
1697|      startOfDay.setHours(0, 0, 0, 0);

  Plugin: vite:esbuild
  File: /Users/adept/Documents/_My_Projects/redo_my_budget_pro/src/app.jsx
9:42:26 PM [vite] warning: Duplicate member "setupCalendarEventListeners" in class body
1878|       * Set up event listeners for the calendar
1879|       */
1880|    setupCalendarEventListeners() {
   |    ^
1881|      const calendarEl = document.getElementById('calendar');
1882|      if (!calendarEl) return;

  Plugin: vite:esbuild
  File: /Users/adept/Documents/_My_Projects/redo_my_budget_pro/src/app.jsx
9:48:00 PM [vite] page reload src/analytics.js
9:48:01 PM [vite] warning: Duplicate member "getTransactionsByDateRange" in class body
1665|       * @returns {Array} Filtered transactions
1666|       */
1667|    getTransactionsByDateRange(startDate, endDate) {
   |    ^
1668|      console.log('getTransactionsByDateRange - Input dates:', { startDate, endDate });
1669|          

  Plugin: vite:esbuild
  File: /Users/adept/Documents/_My_Projects/redo_my_budget_pro/src/app.jsx
9:48:01 PM [vite] warning: Duplicate member "getTransactionsByDate" in class body
1693|       * @returns {Array} Filtered transactions
1694|       */
1695|    getTransactionsByDate(date) {
   |    ^
1696|      const startOfDay = new Date(date);
1697|      startOfDay.setHours(0, 0, 0, 0);

  Plugin: vite:esbuild
  File: /Users/adept/Documents/_My_Projects/redo_my_budget_pro/src/app.jsx
9:48:01 PM [vite] warning: Duplicate member "setupCalendarEventListeners" in class body
1878|       * Set up event listeners for the calendar
1879|       */
1880|    setupCalendarEventListeners() {
   |    ^
1881|      const calendarEl = document.getElementById('calendar');
1882|      if (!calendarEl) return;

  Plugin: vite:esbuild
  File: /Users/adept/Documents/_My_Projects/redo_my_budget_pro/src/app.jsx
Failed to parse source for import analysis because the content contains invalid JS syntax. If you are using JSX, make sure to name the file with the .jsx or .tsx extension.
9:48:01 PM [vite] Internal server error: Failed to parse source for import analysis because the content contains invalid JS syntax. If you are using JSX, make sure to name the file with the .jsx or .tsx extension.
  Plugin: vite:import-analysis
  File: /Users/adept/Documents/_My_Projects/redo_my_budget_pro/src/analytics.js:1845:7
  1843|              maximumFractionDigits: 2
  1844|          }).format(amount);
  1845|      }
     |        ^
  1846|  }
  1847|  
      at formatError (file:///Users/adept/Documents/_My_Projects/redo_my_budget_pro/node_modules/vite/dist/node/chunks/dep-827b23df.js:44066:46)
      at TransformContext.error (file:///Users/adept/Documents/_My_Projects/redo_my_budget_pro/node_modules/vite/dist/node/chunks/dep-827b23df.js:44062:19)
      at TransformContext.transform (file:///Users/adept/Documents/_My_Projects/redo_my_budget_pro/node_modules/vite/dist/node/chunks/dep-827b23df.js:41785:22)
      at async Object.transform (file:///Users/adept/Documents/_My_Projects/redo_my_budget_pro/node_modules/vite/dist/node/chunks/dep-827b23df.js:44356:30)
      at async loadAndTransform (file:///Users/adept/Documents/_My_Projects/redo_my_budget_pro/node_modules/vite/dist/node/chunks/dep-827b23df.js:55088:29)
      at async viteTransformMiddleware (file:///Users/adept/Documents/_My_Projects/redo_my_budget_pro/node_modules/vite/dist/node/chunks/dep-827b23df.js:64699:32)
9:48:46 PM [vite] Internal server error: Failed to parse source for import analysis because the content contains invalid JS syntax. If you are using JSX, make sure to name the file with the .jsx or .tsx extension.
  Plugin: vite:import-analysis
  File: /Users/adept/Documents/_My_Projects/redo_my_budget_pro/src/analytics.js:1845:7
  1843|              maximumFractionDigits: 2
  1844|          }).format(amount);
  1845|      }
     |        ^
  1846|  }
  1847|  
      at formatError (file:///Users/adept/Documents/_My_Projects/redo_my_budget_pro/node_modules/vite/dist/node/chunks/dep-827b23df.js:44066:46)
      at TransformContext.error (file:///Users/adept/Documents/_My_Projects/redo_my_budget_pro/node_modules/vite/dist/node/chunks/dep-827b23df.js:44062:19)
      at TransformContext.transform (file:///Users/adept/Documents/_My_Projects/redo_my_budget_pro/node_modules/vite/dist/node/chunks/dep-827b23df.js:41785:22)
      at async Object.transform (file:///Users/adept/Documents/_My_Projects/redo_my_budget_pro/node_modules/vite/dist/node/chunks/dep-827b23df.js:44356:30)
      at async loadAndTransform (file:///Users/adept/Documents/_My_Projects/redo_my_budget_pro/node_modules/vite/dist/node/chunks/dep-827b23df.js:55088:29)
      at async viteTransformMiddleware (file:///Users/adept/Documents/_My_Projects/redo_my_budget_pro/node_modules/vite/dist/node/chunks/dep-827b23df.js:64699:32)
9:49:30 PM [vite] page reload src/analytics.js
9:49:30 PM [vite] warning: Duplicate member "getTransactionsByDateRange" in class body
1665|       * @returns {Array} Filtered transactions
1666|       */
1667|    getTransactionsByDateRange(startDate, endDate) {
   |    ^
1668|      console.log('getTransactionsByDateRange - Input dates:', { startDate, endDate });
1669|          

  Plugin: vite:esbuild
  File: /Users/adept/Documents/_My_Projects/redo_my_budget_pro/src/app.jsx
9:49:30 PM [vite] warning: Duplicate member "getTransactionsByDate" in class body
1693|       * @returns {Array} Filtered transactions
1694|       */
1695|    getTransactionsByDate(date) {
   |    ^
1696|      const startOfDay = new Date(date);
1697|      startOfDay.setHours(0, 0, 0, 0);

  Plugin: vite:esbuild
  File: /Users/adept/Documents/_My_Projects/redo_my_budget_pro/src/app.jsx
9:49:30 PM [vite] warning: Duplicate member "setupCalendarEventListeners" in class body
1878|       * Set up event listeners for the calendar
1879|       */
1880|    setupCalendarEventListeners() {
   |    ^
1881|      const calendarEl = document.getElementById('calendar');
1882|      if (!calendarEl) return;

  Plugin: vite:esbuild
  File: /Users/adept/Documents/_My_Projects/redo_my_budget_pro/src/app.jsx
Failed to parse source for import analysis because the content contains invalid JS syntax. If you are using JSX, make sure to name the file with the .jsx or .tsx extension.
9:49:30 PM [vite] Internal server error: Failed to parse source for import analysis because the content contains invalid JS syntax. If you are using JSX, make sure to name the file with the .jsx or .tsx extension.
  Plugin: vite:import-analysis
  File: /Users/adept/Documents/_My_Projects/redo_my_budget_pro/src/analytics.js:1846:7
  1844|              maximumFractionDigits: 2
  1845|          }).format(amount);
  1846|      }
     |        ^
  1847|  }
  1848|  
      at formatError (file:///Users/adept/Documents/_My_Projects/redo_my_budget_pro/node_modules/vite/dist/node/chunks/dep-827b23df.js:44066:46)
      at TransformContext.error (file:///Users/adept/Documents/_My_Projects/redo_my_budget_pro/node_modules/vite/dist/node/chunks/dep-827b23df.js:44062:19)
      at TransformContext.transform (file:///Users/adept/Documents/_My_Projects/redo_my_budget_pro/node_modules/vite/dist/node/chunks/dep-827b23df.js:41785:22)
      at async Object.transform (file:///Users/adept/Documents/_My_Projects/redo_my_budget_pro/node_modules/vite/dist/node/chunks/dep-827b23df.js:44356:30)
      at async loadAndTransform (file:///Users/adept/Documents/_My_Projects/redo_my_budget_pro/node_modules/vite/dist/node/chunks/dep-827b23df.js:55088:29)
      at async viteTransformMiddleware (file:///Users/adept/Documents/_My_Projects/redo_my_budget_pro/node_modules/vite/dist/node/chunks/dep-827b23df.js:64699:32)
9:50:30 PM [vite] page reload src/analytics.js
9:50:31 PM [vite] warning: Duplicate member "getTransactionsByDateRange" in class body
1665|       * @returns {Array} Filtered transactions
1666|       */
1667|    getTransactionsByDateRange(startDate, endDate) {
   |    ^
1668|      console.log('getTransactionsByDateRange - Input dates:', { startDate, endDate });
1669|          

  Plugin: vite:esbuild
  File: /Users/adept/Documents/_My_Projects/redo_my_budget_pro/src/app.jsx
9:50:31 PM [vite] warning: Duplicate member "getTransactionsByDate" in class body
1693|       * @returns {Array} Filtered transactions
1694|       */
1695|    getTransactionsByDate(date) {
   |    ^
1696|      const startOfDay = new Date(date);
1697|      startOfDay.setHours(0, 0, 0, 0);

  Plugin: vite:esbuild
  File: /Users/adept/Documents/_My_Projects/redo_my_budget_pro/src/app.jsx
9:50:31 PM [vite] warning: Duplicate member "setupCalendarEventListeners" in class body
1878|       * Set up event listeners for the calendar
1879|       */
1880|    setupCalendarEventListeners() {
   |    ^
1881|      const calendarEl = document.getElementById('calendar');
1882|      if (!calendarEl) return;

  Plugin: vite:esbuild
  File: /Users/adept/Documents/_My_Projects/redo_my_budget_pro/src/app.jsx
10:09:45 PM [vite] page reload src/app.jsx
10:09:46 PM [vite] warning: Duplicate member "getTransactionsByDateRange" in class body
1665|       * @returns {Array} Filtered transactions
1666|       */
1667|    getTransactionsByDateRange(startDate, endDate) {
   |    ^
1668|      console.log('getTransactionsByDateRange - Input dates:', { startDate, endDate });
1669|          

  Plugin: vite:esbuild
  File: /Users/adept/Documents/_My_Projects/redo_my_budget_pro/src/app.jsx
10:09:46 PM [vite] warning: Duplicate member "getTransactionsByDate" in class body
1693|       * @returns {Array} Filtered transactions
1694|       */
1695|    getTransactionsByDate(date) {
   |    ^
1696|      const startOfDay = new Date(date);
1697|      startOfDay.setHours(0, 0, 0, 0);

  Plugin: vite:esbuild
  File: /Users/adept/Documents/_My_Projects/redo_my_budget_pro/src/app.jsx
10:09:46 PM [vite] warning: Duplicate member "setupCalendarEventListeners" in class body
1878|       * Set up event listeners for the calendar
1879|       */
1880|    setupCalendarEventListeners() {
   |    ^
1881|      const calendarEl = document.getElementById('calendar');
1882|      if (!calendarEl) return;

  Plugin: vite:esbuild
  File: /Users/adept/Documents/_My_Projects/redo_my_budget_pro/src/app.jsx
